2024-10-03 10:05:59,734 INFO  CozyHavenStay.Api.Service.UserService - Getting all the Users
2024-10-03 10:06:19,370 INFO  CozyHavenStay.Api.Controllers.UserController - GET request received
2024-10-03 10:06:19,379 INFO  CozyHavenStay.Api.Service.UserService - Log in for User: rakeshAgrawal
2024-10-03 10:06:19,743 INFO  CozyHavenStay.Api.Service.UserService - User logged in successfully: rakeshAgrawal
2024-10-03 10:06:19,744 INFO  CozyHavenStay.Api.Controllers.UserController - Authorized User:rakeshAgrawal
2024-10-03 10:17:27,299 INFO  CozyHavenStay.Api.Service.UserService - Getting all the Users
2024-10-03 10:17:33,683 INFO  CozyHavenStay.Api.Service.UserService - Getting all the Users
2024-10-03 10:17:39,823 INFO  CozyHavenStay.Api.Service.UserService - Getting all the Users
2024-10-03 10:28:42,827 INFO  CozyHavenStay.Api.Service.UserService - Getting all the Users
2024-10-03 10:29:28,519 INFO  CozyHavenStay.Api.Service.UserService - Getting all the Users
2024-10-03 10:29:53,984 INFO  CozyHavenStay.Api.Service.UserService - Getting all the Users
2024-10-03 10:30:10,168 INFO  CozyHavenStay.Api.Service.UserService - Getting all the Users
2024-10-03 10:31:03,421 INFO  CozyHavenStay.Api.Service.UserService - Getting all the Users
2024-10-03 10:31:21,810 INFO  CozyHavenStay.Api.Service.UserService - Getting all the Users
2024-10-03 10:35:23,177 INFO  CozyHavenStay.Api.Service.UserService - Getting all the Users
2024-10-03 10:35:36,953 INFO  CozyHavenStay.Api.Service.UserService - Getting all the Users
2024-10-03 10:37:24,114 INFO  CozyHavenStay.Api.Service.UserService - Getting all the Users
2024-10-03 11:04:15,529 INFO  CozyHavenStay.Api.Controllers.UserController - GET request received
2024-10-03 11:04:15,537 INFO  CozyHavenStay.Api.Service.UserService - Log in for User: priyaDesai
2024-10-03 11:04:15,757 INFO  CozyHavenStay.Api.Service.UserService - User logged in successfully: priyaDesai
2024-10-03 11:04:15,757 INFO  CozyHavenStay.Api.Controllers.UserController - Authorized User:priyaDesai
2024-10-03 11:04:17,409 INFO  CozyHavenStay.Api.Service.UserService - Getting all the Users
2024-10-03 11:05:10,331 INFO  CozyHavenStay.Api.Service.UserService - Getting all the Users
2024-10-03 11:05:12,888 INFO  CozyHavenStay.Api.Service.UserService - Getting all the Users
2024-10-03 11:05:14,903 INFO  CozyHavenStay.Api.Service.UserService - Getting all the Users
2024-10-03 11:05:38,973 INFO  CozyHavenStay.Api.Service.UserService - Getting all the Users
2024-10-03 11:05:44,884 INFO  CozyHavenStay.Api.Service.UserService - Getting all the Users
2024-10-03 11:05:52,934 INFO  CozyHavenStay.Api.Service.UserService - Getting all the Users
2024-10-03 11:06:07,895 INFO  CozyHavenStay.Api.Service.UserService - Getting all the Users
2024-10-03 11:06:36,178 INFO  CozyHavenStay.Api.Service.UserService - Getting all the Users
2024-10-03 11:06:38,888 INFO  CozyHavenStay.Api.Service.UserService - Getting all the Users
2024-10-03 11:13:07,269 INFO  CozyHavenStay.Api.Service.UserService - Getting all the Users
2024-10-03 11:13:37,826 INFO  CozyHavenStay.Api.Service.UserService - Getting all the Users
2024-10-03 11:13:46,979 INFO  CozyHavenStay.Api.Service.UserService - Getting all the Users
2024-10-03 11:15:16,095 INFO  CozyHavenStay.Api.Service.UserService - Getting all the Users
2024-10-03 11:15:25,211 INFO  CozyHavenStay.Api.Service.UserService - Getting all the Users
2024-10-03 11:15:46,606 INFO  CozyHavenStay.Api.Service.UserService - Getting all the Users
2024-10-03 11:19:28,882 INFO  CozyHavenStay.Api.Service.UserService - Getting all the Users
2024-10-03 11:20:20,725 INFO  CozyHavenStay.Api.Service.UserService - Getting all the Users
2024-10-03 11:20:34,768 INFO  CozyHavenStay.Api.Service.UserService - Getting all the Users
2024-10-03 11:35:07,551 INFO  CozyHavenStay.Api.Service.UserService - Getting all the Users
2024-10-03 11:35:26,773 INFO  CozyHavenStay.Api.Service.UserService - Getting all the Users
2024-10-03 11:36:42,518 INFO  CozyHavenStay.Api.Service.UserService - Getting all the Users
2024-10-03 11:36:50,817 INFO  CozyHavenStay.Api.Service.UserService - Getting all the Users
2024-10-03 11:36:57,027 INFO  CozyHavenStay.Api.Service.UserService - Getting all the Users
2024-10-03 11:36:59,022 INFO  CozyHavenStay.Api.Service.UserService - Getting all the Users
2024-10-03 11:37:35,509 INFO  CozyHavenStay.Api.Service.UserService - Getting all the Users
2024-10-03 11:38:46,794 INFO  CozyHavenStay.Api.Service.UserService - Getting all the Users
2024-10-03 11:38:55,997 INFO  CozyHavenStay.Api.Service.UserService - Getting all the Users
2024-10-03 11:38:59,954 INFO  CozyHavenStay.Api.Service.UserService - Getting all the Users
2024-10-03 11:39:01,970 INFO  CozyHavenStay.Api.Service.UserService - Getting all the Users
2024-10-03 11:39:04,070 INFO  CozyHavenStay.Api.Service.UserService - Getting all the Users
2024-10-03 11:41:46,043 INFO  CozyHavenStay.Api.Service.UserService - Getting all the Users
2024-10-03 11:41:52,986 INFO  CozyHavenStay.Api.Service.UserService - Getting all the Users
2024-10-03 11:42:00,895 INFO  CozyHavenStay.Api.Service.UserService - Getting all the Users
2024-10-03 11:42:17,936 INFO  CozyHavenStay.Api.Service.UserService - Getting all the Users
2024-10-03 11:43:36,223 INFO  CozyHavenStay.Api.Service.UserService - Getting all the Users
2024-10-03 11:44:42,596 INFO  CozyHavenStay.Api.Service.UserService - Getting all the Users
2024-10-03 11:45:34,281 INFO  CozyHavenStay.Api.Service.UserService - Getting all the Users
2024-10-03 11:46:05,903 INFO  CozyHavenStay.Api.Service.UserService - Getting all the Users
2024-10-03 11:48:53,829 INFO  CozyHavenStay.Api.Service.UserService - Getting all the Users
2024-10-03 11:49:16,470 INFO  CozyHavenStay.Api.Service.UserService - Getting all the Users
2024-10-03 11:49:26,091 INFO  CozyHavenStay.Api.Service.UserService - Getting all the Users
2024-10-03 11:50:12,441 INFO  CozyHavenStay.Api.Service.UserService - Getting all the Users
2024-10-03 11:50:42,916 INFO  CozyHavenStay.Api.Service.UserService - Getting all the Users
2024-10-03 11:54:19,122 INFO  CozyHavenStay.Api.Service.UserService - Getting all the Users
2024-10-03 11:55:02,175 INFO  CozyHavenStay.Api.Service.UserService - Getting all the Users
2024-10-03 11:55:51,066 INFO  CozyHavenStay.Api.Service.UserService - Getting all the Users
2024-10-03 11:56:59,877 INFO  CozyHavenStay.Api.Service.UserService - Getting all the Users
2024-10-03 11:58:20,592 INFO  CozyHavenStay.Api.Controllers.UserController - GET request received
2024-10-03 11:58:20,593 INFO  CozyHavenStay.Api.Service.UserService - Log in for User: rakeshAgrawal
2024-10-03 11:58:20,641 INFO  CozyHavenStay.Api.Service.UserService - User logged in successfully: rakeshAgrawal
2024-10-03 11:58:20,641 INFO  CozyHavenStay.Api.Controllers.UserController - Authorized User:rakeshAgrawal
2024-10-03 11:58:21,754 INFO  CozyHavenStay.Api.Service.UserService - Getting all the Users
2024-10-03 12:00:18,931 INFO  CozyHavenStay.Api.Service.UserService - Getting all the Users
2024-10-03 12:00:29,555 INFO  CozyHavenStay.Api.Service.UserService - Getting all the Users
2024-10-03 12:05:17,431 INFO  CozyHavenStay.Api.Service.UserService - Getting all the Users
2024-10-03 12:05:27,746 INFO  CozyHavenStay.Api.Service.UserService - Getting all the Users
2024-10-03 12:05:44,141 INFO  CozyHavenStay.Api.Service.UserService - Getting all the Users
2024-10-03 12:05:54,311 INFO  CozyHavenStay.Api.Service.UserService - Getting all the Users
2024-10-03 12:06:03,568 INFO  CozyHavenStay.Api.Service.UserService - Getting all the Users
2024-10-03 12:06:45,300 INFO  CozyHavenStay.Api.Service.UserService - Getting all the Users
2024-10-03 12:06:49,103 INFO  CozyHavenStay.Api.Service.UserService - Getting all the Users
2024-10-03 12:06:53,079 INFO  CozyHavenStay.Api.Service.UserService - Getting all the Users
2024-10-03 12:07:01,378 INFO  CozyHavenStay.Api.Service.UserService - Getting all the Users
2024-10-03 12:10:20,985 INFO  CozyHavenStay.Api.Service.UserService - Getting all the Users
2024-10-03 12:13:16,895 INFO  CozyHavenStay.Api.Service.UserService - Getting all the Users
2024-10-03 12:26:55,040 INFO  CozyHavenStay.Api.Service.UserService - Getting all the Users
2024-10-03 12:34:27,570 INFO  CozyHavenStay.Api.Service.UserService - Getting all the Users
2024-10-03 12:34:38,304 INFO  CozyHavenStay.Api.Service.UserService - Getting all the Users
2024-10-03 12:34:42,129 INFO  CozyHavenStay.Api.Service.UserService - Getting all the Users
2024-10-03 12:34:52,170 INFO  CozyHavenStay.Api.Service.UserService - Getting all the Users
2024-10-03 12:35:02,183 INFO  CozyHavenStay.Api.Service.UserService - Getting all the Users
2024-10-03 12:35:09,217 INFO  CozyHavenStay.Api.Service.UserService - Getting all the Users
2024-10-03 12:35:15,158 INFO  CozyHavenStay.Api.Service.UserService - Getting all the Users
2024-10-03 12:35:43,278 INFO  CozyHavenStay.Api.Service.UserService - Getting all the Users
2024-10-03 12:35:45,125 INFO  CozyHavenStay.Api.Service.UserService - Getting all the Users
2024-10-03 12:36:38,343 INFO  CozyHavenStay.Api.Service.UserService - Getting all the Users
2024-10-03 12:36:42,105 INFO  CozyHavenStay.Api.Service.UserService - Getting all the Users
2024-10-03 12:36:49,138 INFO  CozyHavenStay.Api.Service.UserService - Getting all the Users
2024-10-03 12:36:53,118 INFO  CozyHavenStay.Api.Service.UserService - Getting all the Users
2024-10-03 12:47:38,750 INFO  CozyHavenStay.Api.Controllers.UserController - GET request received
2024-10-03 12:47:38,751 INFO  CozyHavenStay.Api.Service.UserService - Log in for User: priyaDesai
2024-10-03 12:47:38,815 INFO  CozyHavenStay.Api.Service.UserService - User logged in successfully: priyaDesai
2024-10-03 12:47:38,815 INFO  CozyHavenStay.Api.Controllers.UserController - Authorized User:priyaDesai
2024-10-03 12:47:40,661 INFO  CozyHavenStay.Api.Service.UserService - Getting all the Users
2024-10-03 12:48:11,668 INFO  CozyHavenStay.Api.Service.UserService - Getting all the Users
2024-10-03 12:48:16,075 INFO  CozyHavenStay.Api.Controllers.UserController - GET request received
2024-10-03 12:48:16,075 INFO  CozyHavenStay.Api.Service.UserService - Log in for User: rakeshAgrawal
2024-10-03 12:48:16,107 INFO  CozyHavenStay.Api.Service.UserService - User logged in successfully: rakeshAgrawal
2024-10-03 12:48:16,108 INFO  CozyHavenStay.Api.Controllers.UserController - Authorized User:rakeshAgrawal
2024-10-03 12:48:16,910 INFO  CozyHavenStay.Api.Service.UserService - Getting all the Users
2024-10-03 12:49:02,492 INFO  CozyHavenStay.Api.Service.UserService - Getting all the Users
2024-10-03 12:57:01,569 INFO  CozyHavenStay.Api.Service.UserService - Getting all the Users
2024-10-03 12:57:07,958 INFO  CozyHavenStay.Api.Service.UserService - Getting all the Users
2024-10-03 12:57:20,258 INFO  CozyHavenStay.Api.Service.UserService - Getting all the Users
2024-10-03 12:58:53,320 INFO  CozyHavenStay.Api.Service.UserService - Getting all the Users
2024-10-03 12:58:55,231 INFO  CozyHavenStay.Api.Service.UserService - Getting all the Users
2024-10-03 12:59:16,441 INFO  CozyHavenStay.Api.Service.UserService - Getting all the Users
2024-10-03 12:59:53,171 INFO  CozyHavenStay.Api.Service.UserService - Getting all the Users
2024-10-03 13:00:04,756 INFO  CozyHavenStay.Api.Service.UserService - Getting all the Users
2024-10-03 13:00:14,746 INFO  CozyHavenStay.Api.Service.UserService - Getting all the Users
2024-10-03 13:00:28,828 INFO  CozyHavenStay.Api.Service.UserService - Getting all the Users
2024-10-03 13:03:16,790 INFO  CozyHavenStay.Api.Service.UserService - Getting all the Users
2024-10-03 13:03:30,814 INFO  CozyHavenStay.Api.Service.UserService - Getting all the Users
2024-10-03 13:03:52,165 INFO  CozyHavenStay.Api.Service.UserService - Getting all the Users
2024-10-03 14:22:57,973 INFO  CozyHavenStay.Api.Service.UserService - Getting all the Users
2024-10-03 14:23:00,692 INFO  CozyHavenStay.Api.Service.UserService - Getting all the Users
2024-10-03 14:23:08,550 INFO  CozyHavenStay.Api.Service.UserService - Getting all the Users
2024-10-03 14:23:17,298 INFO  CozyHavenStay.Api.Service.UserService - Getting all the Users
2024-10-03 14:24:53,565 INFO  CozyHavenStay.Api.Service.UserService - Getting all the Users
2024-10-03 14:25:05,739 INFO  CozyHavenStay.Api.Service.UserService - Getting all the Users
2024-10-03 14:25:29,215 INFO  CozyHavenStay.Api.Service.UserService - Getting all the Users
2024-10-03 14:25:32,250 INFO  CozyHavenStay.Api.Service.UserService - Getting all the Users
2024-10-03 14:25:36,144 INFO  CozyHavenStay.Api.Service.UserService - Getting all the Users
2024-10-03 14:27:16,516 INFO  CozyHavenStay.Api.Service.UserService - Getting all the Users
2024-10-03 14:40:41,547 INFO  CozyHavenStay.Api.Service.UserService - Getting all the Users
2024-10-03 14:41:43,039 INFO  CozyHavenStay.Api.Service.UserService - Getting all the Users
2024-10-03 14:42:22,600 INFO  CozyHavenStay.Api.Service.UserService - Getting all the Users
2024-10-03 14:44:51,166 INFO  CozyHavenStay.Api.Service.UserService - Getting all the Users
2024-10-03 14:45:23,296 INFO  CozyHavenStay.Api.Service.UserService - Getting all the Users
2024-10-03 14:46:29,125 INFO  CozyHavenStay.Api.Service.UserService - Getting all the Users
2024-10-03 14:53:11,412 INFO  CozyHavenStay.Api.Service.UserService - Getting all the Users
2024-10-03 14:53:16,760 INFO  CozyHavenStay.Api.Service.UserService - Getting all the Users
2024-10-03 14:54:37,200 INFO  CozyHavenStay.Api.Service.UserService - Getting all the Users
2024-10-03 14:56:51,040 INFO  CozyHavenStay.Api.Service.UserService - Getting all the Users
2024-10-03 14:57:44,338 INFO  CozyHavenStay.Api.Service.UserService - Getting all the Users
2024-10-03 14:58:22,686 INFO  CozyHavenStay.Api.Service.UserService - Getting all the Users
2024-10-03 14:58:24,887 INFO  CozyHavenStay.Api.Service.UserService - Getting all the Users
2024-10-03 14:58:26,206 INFO  CozyHavenStay.Api.Service.UserService - Getting all the Users
2024-10-03 14:58:27,809 INFO  CozyHavenStay.Api.Service.UserService - Getting all the Users
2024-10-03 14:58:45,854 INFO  CozyHavenStay.Api.Service.UserService - Getting all the Users
2024-10-03 14:58:48,006 INFO  CozyHavenStay.Api.Service.UserService - Getting all the Users
2024-10-03 14:59:23,543 INFO  CozyHavenStay.Api.Service.UserService - Getting all the Users
2024-10-03 14:59:25,206 INFO  CozyHavenStay.Api.Service.UserService - Getting all the Users
2024-10-03 15:00:14,662 INFO  CozyHavenStay.Api.Service.UserService - Getting all the Users
2024-10-03 15:00:30,705 INFO  CozyHavenStay.Api.Service.UserService - Getting all the Users
2024-10-03 15:00:35,964 INFO  CozyHavenStay.Api.Service.UserService - Getting all the Users
2024-10-03 15:00:39,023 INFO  CozyHavenStay.Api.Service.UserService - Getting all the Users
2024-10-03 15:00:46,642 INFO  CozyHavenStay.Api.Service.UserService - Getting all the Users
2024-10-03 15:01:45,721 INFO  CozyHavenStay.Api.Service.UserService - Getting all the Users
2024-10-03 15:01:58,987 INFO  CozyHavenStay.Api.Service.UserService - Getting all the Users
2024-10-03 15:02:50,481 INFO  CozyHavenStay.Api.Service.UserService - Getting all the Users
2024-10-03 15:03:01,210 INFO  CozyHavenStay.Api.Service.UserService - Getting all the Users
2024-10-03 15:03:10,126 INFO  CozyHavenStay.Api.Service.UserService - Getting all the Users
2024-10-03 15:03:16,276 INFO  CozyHavenStay.Api.Service.UserService - Getting all the Users
2024-10-03 15:03:22,373 INFO  CozyHavenStay.Api.Service.UserService - Getting all the Users
2024-10-03 15:03:27,410 INFO  CozyHavenStay.Api.Service.UserService - Getting all the Users
2024-10-03 15:05:05,256 INFO  CozyHavenStay.Api.Service.UserService - Getting all the Users
2024-10-03 15:05:32,009 INFO  CozyHavenStay.Api.Service.UserService - Getting all the Users
2024-10-03 15:07:21,940 INFO  CozyHavenStay.Api.Service.UserService - Getting all the Users
2024-10-03 15:08:10,670 INFO  CozyHavenStay.Api.Service.UserService - Getting all the Users
2024-10-03 15:08:44,785 INFO  CozyHavenStay.Api.Service.UserService - Getting all the Users
2024-10-03 15:09:04,469 INFO  CozyHavenStay.Api.Service.UserService - Getting all the Users
2024-10-03 15:09:53,946 INFO  CozyHavenStay.Api.Service.UserService - Getting all the Users
2024-10-03 15:26:02,023 INFO  CozyHavenStay.Api.Service.UserService - Getting all the Users
2024-10-03 15:34:54,514 INFO  CozyHavenStay.Api.Service.UserService - Getting all the Users
2024-10-03 15:35:25,569 INFO  CozyHavenStay.Api.Service.UserService - Getting all the Users
2024-10-03 15:35:30,804 INFO  CozyHavenStay.Api.Service.UserService - Getting all the Users
2024-10-03 15:35:43,702 INFO  CozyHavenStay.Api.Controllers.UserController - GET request received
2024-10-03 15:35:43,706 INFO  CozyHavenStay.Api.Service.UserService - Log in for User: priyaDesai
2024-10-03 15:35:43,920 INFO  CozyHavenStay.Api.Service.UserService - User logged in successfully: priyaDesai
2024-10-03 15:35:43,920 INFO  CozyHavenStay.Api.Controllers.UserController - Authorized User:priyaDesai
2024-10-03 15:35:45,565 INFO  CozyHavenStay.Api.Service.UserService - Getting all the Users
2024-10-03 15:35:59,831 INFO  CozyHavenStay.Api.Service.UserService - Getting all the Users
2024-10-03 15:36:10,709 INFO  CozyHavenStay.Api.Controllers.UserController - GET request received
2024-10-03 15:36:10,709 INFO  CozyHavenStay.Api.Service.UserService - Log in for User: sureshPathal
2024-10-03 15:36:10,721 INFO  CozyHavenStay.Api.Service.UserService - User logged in successfully: sureshPathal
2024-10-03 15:36:10,722 INFO  CozyHavenStay.Api.Controllers.UserController - Authorized User:sureshPathal
2024-10-03 15:36:11,601 INFO  CozyHavenStay.Api.Service.UserService - Getting all the Users
2024-10-03 15:37:18,451 INFO  CozyHavenStay.Api.Service.UserService - Getting all the Users
2024-10-03 15:37:20,618 INFO  CozyHavenStay.Api.Service.UserService - Getting all the Users
2024-10-03 16:02:53,747 INFO  CozyHavenStay.Api.Service.UserService - Getting all the Users
2024-10-03 16:04:05,023 INFO  CozyHavenStay.Api.Service.UserService - Getting all the Users
2024-10-03 16:04:06,525 INFO  CozyHavenStay.Api.Service.UserService - Getting all the Users
2024-10-03 16:04:18,988 INFO  CozyHavenStay.Api.Service.UserService - Getting all the Users
2024-10-03 16:04:33,951 INFO  CozyHavenStay.Api.Service.UserService - Getting all the Users
2024-10-03 16:04:51,426 INFO  CozyHavenStay.Api.Service.UserService - Getting all the Users
2024-10-03 16:04:56,519 INFO  CozyHavenStay.Api.Service.UserService - Getting all the Users
2024-10-03 16:05:07,295 INFO  CozyHavenStay.Api.Service.UserService - Getting all the Users
2024-10-03 16:15:47,753 INFO  CozyHavenStay.Api.Service.UserService - Getting all the Users
2024-10-03 16:15:48,004 INFO  CozyHavenStay.Api.Service.UserService - Getting all the Users
2024-10-03 16:15:58,824 INFO  CozyHavenStay.Api.Service.UserService - Getting all the Users
2024-10-03 16:16:12,807 INFO  CozyHavenStay.Api.Service.UserService - Getting all the Users
2024-10-03 16:16:16,509 INFO  CozyHavenStay.Api.Service.UserService - Getting all the Users
2024-10-03 16:16:18,642 INFO  CozyHavenStay.Api.Service.UserService - Getting all the Users
2024-10-03 16:18:30,193 INFO  CozyHavenStay.Api.Service.UserService - Getting all the Users
2024-10-03 16:18:33,138 INFO  CozyHavenStay.Api.Service.UserService - Getting all the Users
2024-10-03 16:18:35,632 INFO  CozyHavenStay.Api.Service.UserService - Getting all the Users
2024-10-03 16:18:37,775 INFO  CozyHavenStay.Api.Service.UserService - Getting all the Users
2024-10-03 16:18:48,650 INFO  CozyHavenStay.Api.Service.UserService - Getting all the Users
2024-10-03 16:19:23,412 INFO  CozyHavenStay.Api.Service.UserService - Getting all the Users
2024-10-03 16:19:25,163 INFO  CozyHavenStay.Api.Service.UserService - Getting all the Users
2024-10-03 16:19:37,260 INFO  CozyHavenStay.Api.Service.UserService - Getting all the Users
2024-10-03 16:19:50,941 INFO  CozyHavenStay.Api.Service.UserService - Getting all the Users
2024-10-03 16:23:22,856 INFO  CozyHavenStay.Api.Service.UserService - Getting all the Users
2024-10-03 16:23:27,401 INFO  CozyHavenStay.Api.Service.UserService - Getting all the Users
2024-10-03 16:23:39,540 INFO  CozyHavenStay.Api.Controllers.UserController - GET request received
2024-10-03 16:23:39,541 INFO  CozyHavenStay.Api.Service.UserService - Log in for User: priyaDesai
2024-10-03 16:23:39,575 INFO  CozyHavenStay.Api.Service.UserService - User logged in successfully: priyaDesai
2024-10-03 16:23:39,575 INFO  CozyHavenStay.Api.Controllers.UserController - Authorized User:priyaDesai
2024-10-03 16:23:40,169 INFO  CozyHavenStay.Api.Service.UserService - Getting all the Users
