2024-10-06 10:25:12,676 INFO  CozyHavenStay.Api.Service.UserService - Getting all the Users
2024-10-06 10:25:56,500 INFO  CozyHavenStay.Api.Controllers.UserController - GET request received
2024-10-06 10:25:56,506 INFO  CozyHavenStay.Api.Service.UserService - Log in for User: rakeshAgrawal
2024-10-06 10:25:56,761 INFO  CozyHavenStay.Api.Service.UserService - User logged in successfully: rakeshAgrawal
2024-10-06 10:25:56,762 INFO  CozyHavenStay.Api.Controllers.UserController - Authorized User:rakeshAgrawal
2024-10-06 10:25:58,646 INFO  CozyHavenStay.Api.Service.UserService - Getting all the Users
2024-10-06 10:34:30,351 INFO  CozyHavenStay.Api.Service.UserService - Getting all the Users
2024-10-06 10:35:42,625 INFO  CozyHavenStay.Api.Service.UserService - Getting all the Users
2024-10-06 10:38:58,807 INFO  CozyHavenStay.Api.Service.UserService - Getting all the Users
2024-10-06 10:41:06,980 INFO  CozyHavenStay.Api.Service.UserService - Getting all the Users
2024-10-06 10:42:14,107 INFO  CozyHavenStay.Api.Service.UserService - Getting all the Users
2024-10-06 10:42:16,848 INFO  CozyHavenStay.Api.Service.UserService - Getting all the Users
2024-10-06 10:43:03,060 INFO  CozyHavenStay.Api.Service.UserService - Getting all the Users
2024-10-06 10:43:06,323 INFO  CozyHavenStay.Api.Service.UserService - Getting all the Users
2024-10-06 10:43:11,273 INFO  CozyHavenStay.Api.Service.UserService - Getting all the Users
2024-10-06 10:43:21,141 INFO  CozyHavenStay.Api.Service.UserService - Getting all the Users
2024-10-06 10:43:31,763 INFO  CozyHavenStay.Api.Service.UserService - Getting all the Users
2024-10-06 10:43:46,526 INFO  CozyHavenStay.Api.Service.UserService - Getting all the Users
2024-10-06 10:44:36,921 INFO  CozyHavenStay.Api.Service.UserService - Getting all the Users
2024-10-06 10:44:39,679 INFO  CozyHavenStay.Api.Service.UserService - Getting all the Users
2024-10-06 10:44:43,185 INFO  CozyHavenStay.Api.Service.UserService - Getting all the Users
2024-10-06 10:44:54,918 INFO  CozyHavenStay.Api.Service.UserService - Getting all the Users
2024-10-06 10:44:58,014 INFO  CozyHavenStay.Api.Service.UserService - Getting all the Users
2024-10-06 10:45:17,424 INFO  CozyHavenStay.Api.Service.UserService - Getting all the Users
2024-10-06 10:45:20,409 INFO  CozyHavenStay.Api.Service.UserService - Getting all the Users
2024-10-06 10:47:41,959 INFO  CozyHavenStay.Api.Service.UserService - Getting all the Users
2024-10-06 10:48:42,304 INFO  CozyHavenStay.Api.Service.UserService - Getting all the Users
2024-10-06 10:48:53,199 INFO  CozyHavenStay.Api.Service.UserService - Getting all the Users
2024-10-06 10:49:22,702 INFO  CozyHavenStay.Api.Service.UserService - Getting all the Users
2024-10-06 10:50:37,374 INFO  CozyHavenStay.Api.Service.UserService - Getting all the Users
2024-10-06 10:52:02,388 INFO  CozyHavenStay.Api.Service.UserService - Getting all the Users
2024-10-06 10:52:03,224 INFO  CozyHavenStay.Api.Service.UserService - Getting all the Users
2024-10-06 10:52:04,502 INFO  CozyHavenStay.Api.Service.UserService - Getting all the Users
2024-10-06 10:52:07,713 INFO  CozyHavenStay.Api.Service.UserService - Getting all the Users
2024-10-06 10:52:09,131 INFO  CozyHavenStay.Api.Service.UserService - Getting all the Users
2024-10-06 10:59:42,495 INFO  CozyHavenStay.Api.Service.UserService - Getting all the Users
2024-10-06 11:00:06,079 INFO  CozyHavenStay.Api.Service.UserService - Getting all the Users
2024-10-06 11:00:09,429 INFO  CozyHavenStay.Api.Service.UserService - Getting all the Users
2024-10-06 11:01:21,277 INFO  CozyHavenStay.Api.Service.UserService - Getting all the Users
2024-10-06 11:02:11,798 INFO  CozyHavenStay.Api.Service.UserService - Getting all the Users
2024-10-06 11:02:46,494 INFO  CozyHavenStay.Api.Service.UserService - Getting all the Users
2024-10-06 11:02:47,706 INFO  CozyHavenStay.Api.Service.UserService - Getting all the Users
2024-10-06 11:14:12,261 INFO  CozyHavenStay.Api.Service.UserService - Getting all the Users
2024-10-06 11:14:47,326 INFO  CozyHavenStay.Api.Service.UserService - Getting all the Users
2024-10-06 11:14:48,271 INFO  CozyHavenStay.Api.Service.UserService - Getting all the Users
2024-10-06 11:15:21,166 INFO  CozyHavenStay.Api.Service.UserService - Getting all the Users
2024-10-06 11:15:44,837 INFO  CozyHavenStay.Api.Service.UserService - Getting all the Users
2024-10-06 11:16:48,018 INFO  CozyHavenStay.Api.Service.UserService - Getting all the Users
2024-10-06 11:39:02,378 INFO  CozyHavenStay.Api.Service.UserService - Getting all the Users
2024-10-06 15:17:16,660 INFO  CozyHavenStay.Api.Service.UserService - Getting all the Users
2024-10-06 15:25:12,881 INFO  CozyHavenStay.Api.Service.UserService - Getting all the Users
2024-10-06 15:25:33,001 INFO  CozyHavenStay.Api.Service.UserService - Getting all the Users
2024-10-06 15:25:39,021 INFO  CozyHavenStay.Api.Service.UserService - Getting all the Users
2024-10-06 15:26:15,922 INFO  CozyHavenStay.Api.Service.UserService - Getting all the Users
2024-10-06 15:26:26,756 INFO  CozyHavenStay.Api.Service.UserService - Getting all the Users
2024-10-06 15:29:25,181 INFO  CozyHavenStay.Api.Service.UserService - Getting all the Users
2024-10-06 15:29:28,878 INFO  CozyHavenStay.Api.Service.UserService - Getting all the Users
2024-10-06 15:30:11,113 INFO  CozyHavenStay.Api.Service.UserService - Getting all the Users
2024-10-06 15:30:13,860 INFO  CozyHavenStay.Api.Service.UserService - Getting all the Users
2024-10-06 15:30:35,742 INFO  CozyHavenStay.Api.Service.UserService - Getting all the Users
2024-10-06 15:30:39,995 INFO  CozyHavenStay.Api.Service.UserService - Getting all the Users
2024-10-06 15:32:17,517 INFO  CozyHavenStay.Api.Service.UserService - Getting all the Users
2024-10-06 15:32:44,284 INFO  CozyHavenStay.Api.Service.UserService - Getting all the Users
2024-10-06 15:32:45,915 INFO  CozyHavenStay.Api.Service.UserService - Getting all the Users
2024-10-06 15:44:11,215 INFO  CozyHavenStay.Api.Service.UserService - Getting all the Users
2024-10-06 15:44:15,939 INFO  CozyHavenStay.Api.Service.UserService - Getting all the Users
2024-10-06 15:44:29,943 INFO  CozyHavenStay.Api.Service.UserService - Getting all the Users
2024-10-06 15:44:33,852 INFO  CozyHavenStay.Api.Service.UserService - Getting all the Users
2024-10-06 15:46:46,072 INFO  CozyHavenStay.Api.Service.UserService - Getting all the Users
2024-10-06 15:46:56,808 INFO  CozyHavenStay.Api.Service.UserService - Getting all the Users
2024-10-06 15:47:49,795 INFO  CozyHavenStay.Api.Service.UserService - Getting all the Users
2024-10-06 15:48:08,414 INFO  CozyHavenStay.Api.Service.UserService - Getting all the Users
2024-10-06 15:48:17,864 INFO  CozyHavenStay.Api.Service.UserService - Getting all the Users
2024-10-06 15:48:34,761 INFO  CozyHavenStay.Api.Service.UserService - Getting all the Users
2024-10-06 15:49:13,509 INFO  CozyHavenStay.Api.Service.UserService - Getting all the Users
2024-10-06 15:49:36,888 INFO  CozyHavenStay.Api.Service.UserService - Getting all the Users
2024-10-06 15:50:58,202 INFO  CozyHavenStay.Api.Service.UserService - Getting all the Users
2024-10-06 15:51:23,001 INFO  CozyHavenStay.Api.Service.UserService - Getting all the Users
2024-10-06 15:51:46,319 INFO  CozyHavenStay.Api.Service.UserService - Getting all the Users
2024-10-06 15:51:59,935 INFO  CozyHavenStay.Api.Service.UserService - Getting all the Users
2024-10-06 15:52:04,828 INFO  CozyHavenStay.Api.Service.UserService - Getting all the Users
2024-10-06 15:52:19,045 INFO  CozyHavenStay.Api.Service.UserService - Getting all the Users
2024-10-06 15:56:03,812 INFO  CozyHavenStay.Api.Service.UserService - Getting all the Users
2024-10-06 15:56:08,421 INFO  CozyHavenStay.Api.Service.UserService - Getting all the Users
2024-10-06 15:57:25,984 INFO  CozyHavenStay.Api.Service.UserService - Getting all the Users
2024-10-06 15:58:08,939 INFO  CozyHavenStay.Api.Service.UserService - Getting all the Users
2024-10-06 15:58:11,873 INFO  CozyHavenStay.Api.Service.UserService - Getting all the Users
2024-10-06 15:58:16,151 INFO  CozyHavenStay.Api.Service.UserService - Getting all the Users
2024-10-06 15:58:56,676 INFO  CozyHavenStay.Api.Service.UserService - Getting all the Users
2024-10-06 15:58:59,840 INFO  CozyHavenStay.Api.Service.UserService - Getting all the Users
2024-10-06 15:59:03,907 INFO  CozyHavenStay.Api.Service.UserService - Getting all the Users
2024-10-06 15:59:44,707 INFO  CozyHavenStay.Api.Service.UserService - Getting all the Users
2024-10-06 16:00:21,547 INFO  CozyHavenStay.Api.Service.UserService - Getting all the Users
2024-10-06 16:02:24,854 INFO  CozyHavenStay.Api.Service.UserService - Getting all the Users
2024-10-06 16:02:28,842 INFO  CozyHavenStay.Api.Service.UserService - Getting all the Users
2024-10-06 16:02:36,850 INFO  CozyHavenStay.Api.Service.UserService - Getting all the Users
2024-10-06 16:03:12,260 INFO  CozyHavenStay.Api.Service.UserService - Getting all the Users
2024-10-06 16:03:25,837 INFO  CozyHavenStay.Api.Service.UserService - Getting all the Users
2024-10-06 16:03:28,870 INFO  CozyHavenStay.Api.Service.UserService - Getting all the Users
2024-10-06 16:05:52,920 INFO  CozyHavenStay.Api.Service.UserService - Getting all the Users
2024-10-06 16:06:19,099 INFO  CozyHavenStay.Api.Service.UserService - Getting all the Users
2024-10-06 16:06:43,004 INFO  CozyHavenStay.Api.Service.UserService - Getting all the Users
2024-10-06 16:06:45,900 INFO  CozyHavenStay.Api.Service.UserService - Getting all the Users
2024-10-06 16:06:49,823 INFO  CozyHavenStay.Api.Service.UserService - Getting all the Users
2024-10-06 16:06:58,923 INFO  CozyHavenStay.Api.Service.UserService - Getting all the Users
2024-10-06 16:07:14,991 INFO  CozyHavenStay.Api.Service.UserService - Getting all the Users
2024-10-06 16:08:18,923 INFO  CozyHavenStay.Api.Service.UserService - Getting all the Users
2024-10-06 16:10:00,098 INFO  CozyHavenStay.Api.Service.UserService - Getting all the Users
2024-10-06 16:43:39,128 INFO  CozyHavenStay.Api.Service.UserService - Getting all the Users
2024-10-06 16:44:28,685 INFO  CozyHavenStay.Api.Service.UserService - Getting all the Users
2024-10-06 16:45:14,466 INFO  CozyHavenStay.Api.Service.UserService - Getting all the Users
2024-10-06 16:45:18,152 INFO  CozyHavenStay.Api.Service.UserService - Getting all the Users
2024-10-06 16:45:29,177 INFO  CozyHavenStay.Api.Service.UserService - Getting all the Users
2024-10-06 16:45:31,062 INFO  CozyHavenStay.Api.Service.UserService - Getting all the Users
2024-10-06 16:46:09,569 INFO  CozyHavenStay.Api.Service.UserService - Getting all the Users
2024-10-06 17:28:46,875 INFO  CozyHavenStay.Api.Controllers.UserController - GET request received
2024-10-06 17:28:46,893 INFO  CozyHavenStay.Api.Service.UserService - Log in for User: priyaDesai
2024-10-06 17:28:48,368 INFO  CozyHavenStay.Api.Service.UserService - User logged in successfully: priyaDesai
2024-10-06 17:28:48,369 INFO  CozyHavenStay.Api.Controllers.UserController - Authorized User:priyaDesai
2024-10-06 17:31:34,256 INFO  CozyHavenStay.Api.Controllers.UserController - GET request received
2024-10-06 17:31:34,273 INFO  CozyHavenStay.Api.Service.UserService - Log in for User: priyaDesai
2024-10-06 17:31:35,761 INFO  CozyHavenStay.Api.Service.UserService - User logged in successfully: priyaDesai
2024-10-06 17:31:35,762 INFO  CozyHavenStay.Api.Controllers.UserController - Authorized User:priyaDesai
2024-10-06 17:31:52,674 INFO  CozyHavenStay.Api.Service.UserService - Getting all the Users
2024-10-06 17:32:02,916 INFO  CozyHavenStay.Api.Service.UserService - Getting all the Users
2024-10-06 17:32:05,847 INFO  CozyHavenStay.Api.Service.UserService - Getting all the Users
2024-10-06 17:32:22,201 INFO  CozyHavenStay.Api.Service.UserService - Getting All Hotel Owners
2024-10-06 17:38:11,217 INFO  CozyHavenStay.Api.Service.UserService - Getting all the Users
2024-10-06 17:38:44,254 INFO  CozyHavenStay.Api.Service.UserService - Getting all the Users
2024-10-06 17:38:48,092 INFO  CozyHavenStay.Api.Service.UserService - Getting all the Users
2024-10-06 17:39:05,138 INFO  CozyHavenStay.Api.Service.UserService - Getting all the Users
2024-10-06 17:39:32,184 INFO  CozyHavenStay.Api.Service.UserService - Getting all the Users
2024-10-06 17:39:42,493 INFO  CozyHavenStay.Api.Controllers.UserController - GET request received
2024-10-06 17:39:42,493 INFO  CozyHavenStay.Api.Service.UserService - Log in for User: priyaDesai
2024-10-06 17:39:42,512 INFO  CozyHavenStay.Api.Service.UserService - User logged in successfully: priyaDesai
2024-10-06 17:39:42,512 INFO  CozyHavenStay.Api.Controllers.UserController - Authorized User:priyaDesai
2024-10-06 17:39:45,655 INFO  CozyHavenStay.Api.Service.UserService - Getting all the Users
2024-10-06 17:45:40,408 INFO  CozyHavenStay.Api.Service.UserService - Getting all the Users
2024-10-06 17:45:41,186 INFO  CozyHavenStay.Api.Service.UserService - Getting all the Users
2024-10-06 22:42:13,378 INFO  CozyHavenStay.Api.Service.UserService - Getting all the Users
2024-10-06 22:42:16,400 INFO  CozyHavenStay.Api.Service.UserService - Getting all the Users
2024-10-06 22:42:20,061 INFO  CozyHavenStay.Api.Service.UserService - Getting all the Users
2024-10-06 22:42:43,089 INFO  CozyHavenStay.Api.Controllers.UserController - GET request received
2024-10-06 22:42:43,093 INFO  CozyHavenStay.Api.Service.UserService - Log in for User: rakeshAgrawal
2024-10-06 22:42:43,231 INFO  CozyHavenStay.Api.Service.UserService - User logged in successfully: rakeshAgrawal
2024-10-06 22:42:43,233 INFO  CozyHavenStay.Api.Controllers.UserController - Authorized User:rakeshAgrawal
2024-10-06 22:42:45,079 INFO  CozyHavenStay.Api.Service.UserService - Getting all the Users
2024-10-06 22:45:56,070 INFO  CozyHavenStay.Api.Service.UserService - Getting all the Users
2024-10-06 22:46:52,432 INFO  CozyHavenStay.Api.Service.UserService - Getting all the Users
2024-10-06 22:48:58,618 INFO  CozyHavenStay.Api.Service.UserService - Getting all the Users
2024-10-06 22:50:16,243 INFO  CozyHavenStay.Api.Service.UserService - Getting all the Users
2024-10-06 22:53:12,414 INFO  CozyHavenStay.Api.Service.UserService - Getting all the Users
2024-10-06 22:54:23,853 INFO  CozyHavenStay.Api.Service.UserService - Getting all the Users
2024-10-06 22:56:04,219 INFO  CozyHavenStay.Api.Service.UserService - Getting all the Users
2024-10-06 22:57:04,076 INFO  CozyHavenStay.Api.Service.UserService - Getting all the Users
2024-10-06 22:58:46,890 INFO  CozyHavenStay.Api.Service.UserService - Getting all the Users
2024-10-06 22:58:59,427 INFO  CozyHavenStay.Api.Service.UserService - Getting all the Users
2024-10-06 22:59:08,513 INFO  CozyHavenStay.Api.Service.UserService - Getting all the Users
2024-10-06 22:59:42,217 INFO  CozyHavenStay.Api.Service.UserService - Getting all the Users
2024-10-06 23:00:31,567 INFO  CozyHavenStay.Api.Service.UserService - Getting all the Users
2024-10-06 23:01:02,636 INFO  CozyHavenStay.Api.Service.UserService - Getting all the Users
2024-10-06 23:01:05,399 INFO  CozyHavenStay.Api.Service.UserService - Getting all the Users
2024-10-06 23:01:22,339 INFO  CozyHavenStay.Api.Service.UserService - Getting all the Users
2024-10-06 23:01:34,950 INFO  CozyHavenStay.Api.Service.UserService - Getting all the Users
